f:\code\asm_port\buffer3_1\debug\asm.obj
f:\code\asm_port\buffer3_1\debug\vc120.pdb
f:\code\asm_port\buffer3_1\debug\vc120.idb
f:\code\asm_port\buffer3_1\debug\c.obj
f:\code\asm_port\debug\buffer3_1.ilk
f:\code\asm_port\debug\buffer3_1.exe
f:\code\asm_port\debug\buffer3_1.pdb
e:\code\archive\asm_port\buffer3_1\debug\asm.obj
e:\code\archive\asm_port\buffer3_1\debug\c.obj
e:\code\archive\asm_port\buffer3_1\debug\vc120.idb
e:\code\archive\asm_port\buffer3_1\debug\vc120.pdb
e:\code\archive\asm_port\debug\buffer3_1.pdb
e:\code\archive\asm_port\debug\buffer3_1.exe
e:\code\archive\asm_port\debug\buffer3_1.ilk
e:\code\archive\asm_port\buffer3_1\debug\buffer3_1.tlog\link.read.1.tlog
e:\code\archive\asm_port\buffer3_1\debug\buffer3_1.tlog\buffer3_1.write.1u.tlog
e:\code\archive\asm_port\buffer3_1\debug\buffer3_1.tlog\cl.read.1.tlog
e:\code\archive\asm_port\buffer3_1\debug\buffer3_1.tlog\cl.write.1.tlog
e:\code\archive\asm_port\buffer3_1\debug\buffer3_1.tlog\cl.command.1.tlog
e:\code\archive\asm_port\buffer3_1\debug\buffer3_1.tlog\link.write.1.tlog
e:\code\archive\asm_port\buffer3_1\debug\buffer3_1.tlog\link.command.1.tlog
